TN:
SF:controllers\userController.js
FN:8,createToken
FN:12,loginUser
FN:22,signupUser
FNF:3
FNH:3
FNDA:2,createToken
FNDA:1,loginUser
FNDA:1,signupUser
DA:1,1
DA:2,1
DA:3,1
DA:4,1
DA:5,1
DA:6,1
DA:7,1
DA:8,1
DA:9,2
DA:10,2
DA:11,1
DA:12,1
DA:13,1
DA:14,1
DA:15,1
DA:16,1
DA:17,1
DA:18,1
DA:19,0
DA:20,1
DA:21,1
DA:22,1
DA:23,1
DA:24,1
DA:25,1
DA:26,1
DA:27,1
DA:28,1
DA:29,1
DA:30,0
DA:31,1
DA:32,1
DA:33,1
DA:34,1
DA:35,1
LF:35
LH:33
BRDA:8,0,0,2
BRDA:12,1,0,1
BRDA:18,2,0,0
BRDA:22,3,0,1
BRDA:29,4,0,0
BRF:5
BRH:3
end_of_record
