TN:
SF:controllers\profileController.js
FN:3,validateFields
FN:13,Object.<anonymous>.exports.createProfile
FN:44,Object.<anonymous>.exports.updateProfile
FN:83,Object.<anonymous>.exports.checkProfile
FNF:4
FNH:4
FNDA:2,validateFields
FNDA:1,Object.<anonymous>.exports.createProfile
FNDA:1,Object.<anonymous>.exports.updateProfile
FNDA:2,Object.<anonymous>.exports.checkProfile
DA:1,1
DA:2,1
DA:3,1
DA:4,2
DA:5,0
DA:6,0
DA:7,2
DA:8,2
DA:9,0
DA:10,0
DA:11,2
DA:12,1
DA:13,1
DA:14,1
DA:15,1
DA:16,1
DA:17,0
DA:18,0
DA:19,1
DA:20,1
DA:21,1
DA:22,1
DA:23,1
DA:24,1
DA:25,1
DA:26,1
DA:27,1
DA:28,1
DA:29,0
DA:30,0
DA:31,0
DA:32,0
DA:33,0
DA:34,0
DA:35,1
DA:36,1
DA:37,1
DA:38,1
DA:39,0
DA:40,0
DA:41,0
DA:42,1
DA:43,1
DA:44,1
DA:45,1
DA:46,1
DA:47,1
DA:48,0
DA:49,0
DA:50,1
DA:51,1
DA:52,1
DA:53,1
DA:54,1
DA:55,0
DA:56,0
DA:57,1
DA:58,1
DA:59,1
DA:60,1
DA:61,1
DA:62,1
DA:63,1
DA:64,1
DA:65,1
DA:66,1
DA:67,1
DA:68,0
DA:69,0
DA:70,0
DA:71,0
DA:72,0
DA:73,0
DA:74,1
DA:75,1
DA:76,1
DA:77,1
DA:78,0
DA:79,0
DA:80,0
DA:81,1
DA:82,1
DA:83,1
DA:84,2
DA:85,2
DA:86,2
DA:87,2
DA:88,1
DA:89,1
DA:90,1
DA:91,1
DA:92,2
DA:93,0
DA:94,0
DA:95,0
DA:96,2
LF:96
LH:65
BRDA:3,0,0,2
BRDA:4,1,0,0
BRDA:8,2,0,1
BRDA:8,3,0,0
BRDA:13,4,0,1
BRDA:16,5,0,0
BRDA:28,6,0,0
BRDA:38,7,0,0
BRDA:44,8,0,1
BRDA:47,9,0,0
BRDA:54,10,0,0
BRDA:67,11,0,0
BRDA:77,12,0,0
BRDA:83,13,0,2
BRDA:87,14,0,1
BRDA:92,15,0,0
BRF:16
BRH:6
end_of_record
TN:
SF:controllers\stageController.js
FN:9,Object.<anonymous>.exports.createStage
FN:43,Object.<anonymous>.exports.getAllStages
FN:52,Object.<anonymous>.exports.getStagesByLaureat
FN:65,Object.<anonymous>.exports.updateStage
FN:86,Object.<anonymous>.exports.deleteStage
FNF:5
FNH:5
FNDA:1,Object.<anonymous>.exports.createStage
FNDA:1,Object.<anonymous>.exports.getAllStages
FNDA:2,Object.<anonymous>.exports.getStagesByLaureat
FNDA:2,Object.<anonymous>.exports.updateStage
FNDA:2,Object.<anonymous>.exports.deleteStage
DA:1,1
DA:2,1
DA:3,1
DA:4,1
DA:5,1
DA:6,1
DA:7,1
DA:8,1
DA:9,1
DA:10,1
DA:11,1
DA:12,1
DA:13,1
DA:14,1
DA:15,1
DA:16,0
DA:17,0
DA:18,1
DA:19,1
DA:20,0
DA:21,0
DA:22,1
DA:23,1
DA:24,1
DA:25,0
DA:26,0
DA:27,1
DA:28,1
DA:29,1
DA:30,1
DA:31,1
DA:32,1
DA:33,1
DA:34,1
DA:35,1
DA:36,1
DA:37,1
DA:38,1
DA:39,0
DA:40,0
DA:41,0
DA:42,1
DA:43,1
DA:44,1
DA:45,1
DA:46,1
DA:47,1
DA:48,0
DA:49,0
DA:50,0
DA:51,1
DA:52,1
DA:53,2
DA:54,2
DA:55,2
DA:56,2
DA:57,1
DA:58,1
DA:59,1
DA:60,2
DA:61,0
DA:62,0
DA:63,0
DA:64,2
DA:65,1
DA:66,2
DA:67,2
DA:68,2
DA:69,2
DA:70,2
DA:71,1
DA:72,1
DA:73,1
DA:74,1
DA:75,1
DA:76,1
DA:77,1
DA:78,1
DA:79,1
DA:80,1
DA:81,2
DA:82,0
DA:83,0
DA:84,0
DA:85,2
DA:86,1
DA:87,2
DA:88,2
DA:89,2
DA:90,2
DA:91,1
DA:92,1
DA:93,1
DA:94,2
DA:95,0
DA:96,0
DA:97,0
DA:98,2
LF:98
LH:77
BRDA:9,0,0,1
BRDA:15,1,0,0
BRDA:19,2,0,0
BRDA:24,3,0,0
BRDA:38,4,0,0
BRDA:43,5,0,1
BRDA:47,6,0,0
BRDA:52,7,0,2
BRDA:56,8,0,1
BRDA:60,9,0,0
BRDA:65,10,0,2
BRDA:70,11,0,1
BRDA:81,12,0,0
BRDA:86,13,0,2
BRDA:90,14,0,1
BRDA:94,15,0,0
BRF:16
BRH:8
end_of_record
TN:
SF:controllers\userController.js
FN:8,createToken
FN:12,loginUser
FN:22,signupUser
FNF:3
FNH:3
FNDA:2,createToken
FNDA:1,loginUser
FNDA:1,signupUser
DA:1,1
DA:2,1
DA:3,1
DA:4,1
DA:5,1
DA:6,1
DA:7,1
DA:8,1
DA:9,2
DA:10,2
DA:11,1
DA:12,1
DA:13,1
DA:14,1
DA:15,1
DA:16,1
DA:17,1
DA:18,1
DA:19,0
DA:20,1
DA:21,1
DA:22,1
DA:23,1
DA:24,1
DA:25,1
DA:26,1
DA:27,1
DA:28,1
DA:29,1
DA:30,0
DA:31,1
DA:32,1
DA:33,1
DA:34,1
DA:35,1
LF:35
LH:33
BRDA:8,0,0,2
BRDA:12,1,0,1
BRDA:18,2,0,0
BRDA:22,3,0,1
BRDA:29,4,0,0
BRF:5
BRH:3
end_of_record
TN:
SF:models\profileModel.js
FN:8,required
FN:9,required
FN:10,required
FN:11,required
FN:12,required
FNF:5
FNH:0
FNDA:0,required
FNDA:0,required
FNDA:0,required
FNDA:0,required
FNDA:0,required
DA:1,1
DA:2,1
DA:3,1
DA:4,1
DA:5,1
DA:6,1
DA:7,1
DA:8,1
DA:9,1
DA:10,1
DA:11,1
DA:12,1
DA:13,1
DA:14,1
DA:15,1
DA:16,0
DA:17,0
DA:18,0
DA:19,0
DA:20,0
DA:21,0
DA:22,0
DA:23,0
DA:24,0
DA:25,0
DA:26,1
DA:27,1
LF:27
LH:17
BRF:0
BRH:0
end_of_record
TN:
SF:models\stageModel.js
FNF:0
FNH:0
DA:1,1
DA:2,1
DA:3,1
DA:4,1
DA:5,1
DA:6,1
DA:7,1
DA:8,1
DA:9,1
DA:10,1
DA:11,1
LF:11
LH:11
BRF:0
BRH:0
end_of_record
TN:
SF:models\userModel.js
FN:12,Object.<anonymous>.userSchema.statics.signup
FN:38,Object.<anonymous>.userSchema.statics.login
FNF:2
FNH:0
FNDA:0,Object.<anonymous>.userSchema.statics.signup
FNDA:0,Object.<anonymous>.userSchema.statics.login
DA:1,1
DA:2,1
DA:3,1
DA:4,1
DA:5,1
DA:6,1
DA:7,1
DA:8,1
DA:9,1
DA:10,1
DA:11,1
DA:12,1
DA:13,0
DA:14,0
DA:15,0
DA:16,0
DA:17,0
DA:18,0
DA:19,0
DA:20,0
DA:21,0
DA:22,0
DA:23,0
DA:24,0
DA:25,0
DA:26,0
DA:27,0
DA:28,0
DA:29,0
DA:30,0
DA:31,0
DA:32,0
DA:33,0
DA:34,0
DA:35,0
DA:36,0
DA:37,1
DA:38,1
DA:39,0
DA:40,0
DA:41,0
DA:42,0
DA:43,0
DA:44,0
DA:45,0
DA:46,0
DA:47,0
DA:48,0
DA:49,0
DA:50,0
DA:51,0
DA:52,1
LF:52
LH:15
BRF:0
BRH:0
end_of_record
